mode: set
github.com/mrinalwahal/service/db/scripts/loader.go:18.13,20.16 2 0
github.com/mrinalwahal/service/db/scripts/loader.go:20.16,23.3 2 0
github.com/mrinalwahal/service/db/scripts/loader.go:24.2,24.34 1 0
github.com/mrinalwahal/service/db/db_mock.go:33.49,37.2 3 0
github.com/mrinalwahal/service/db/db_mock.go:40.47,42.2 1 0
github.com/mrinalwahal/service/db/db_mock.go:45.91,51.2 5 0
github.com/mrinalwahal/service/db/db_mock.go:54.67,57.2 2 0
github.com/mrinalwahal/service/db/db_mock.go:60.69,65.2 4 0
github.com/mrinalwahal/service/db/db_mock.go:68.67,71.2 2 0
github.com/mrinalwahal/service/db/db_mock.go:74.83,80.2 5 0
github.com/mrinalwahal/service/db/db_mock.go:83.64,86.2 2 0
github.com/mrinalwahal/service/db/db_mock.go:89.89,95.2 5 0
github.com/mrinalwahal/service/db/db_mock.go:98.65,101.2 2 0
github.com/mrinalwahal/service/db/db_mock.go:104.107,110.2 5 0
github.com/mrinalwahal/service/db/db_mock.go:113.73,116.2 2 0
github.com/mrinalwahal/service/db/dto.go:17.42,18.19 1 1
github.com/mrinalwahal/service/db/dto.go:18.19,20.3 1 1
github.com/mrinalwahal/service/db/dto.go:21.2,21.26 1 1
github.com/mrinalwahal/service/db/dto.go:21.26,23.3 1 1
github.com/mrinalwahal/service/db/dto.go:24.2,24.12 1 1
github.com/mrinalwahal/service/db/dto.go:42.40,44.32 1 0
github.com/mrinalwahal/service/db/dto.go:44.32,46.3 1 0
github.com/mrinalwahal/service/db/dto.go:47.2,47.12 1 0
github.com/mrinalwahal/service/db/dto.go:57.42,59.2 1 0
github.com/mrinalwahal/service/db/sqldb.go:21.39,27.2 2 0
github.com/mrinalwahal/service/db/sqldb.go:41.93,43.20 2 1
github.com/mrinalwahal/service/db/sqldb.go:43.20,45.3 1 1
github.com/mrinalwahal/service/db/sqldb.go:46.2,46.43 1 1
github.com/mrinalwahal/service/db/sqldb.go:46.43,48.3 1 1
github.com/mrinalwahal/service/db/sqldb.go:55.2,61.25 5 0
github.com/mrinalwahal/service/db/sqldb.go:61.25,63.3 1 0
github.com/mrinalwahal/service/db/sqldb.go:64.2,64.22 1 0
github.com/mrinalwahal/service/db/sqldb.go:68.91,70.20 2 0
github.com/mrinalwahal/service/db/sqldb.go:70.20,72.3 1 0
github.com/mrinalwahal/service/db/sqldb.go:73.2,73.43 1 0
github.com/mrinalwahal/service/db/sqldb.go:73.43,75.3 1 0
github.com/mrinalwahal/service/db/sqldb.go:78.2,79.12 2 0
github.com/mrinalwahal/service/db/sqldb.go:79.12,85.3 1 0
github.com/mrinalwahal/service/db/sqldb.go:87.2,90.23 3 0
github.com/mrinalwahal/service/db/sqldb.go:90.23,92.3 1 0
github.com/mrinalwahal/service/db/sqldb.go:93.2,93.22 1 0
github.com/mrinalwahal/service/db/sqldb.go:93.22,95.3 1 0
github.com/mrinalwahal/service/db/sqldb.go:96.2,96.27 1 0
github.com/mrinalwahal/service/db/sqldb.go:96.27,98.3 1 0
github.com/mrinalwahal/service/db/sqldb.go:99.2,99.25 1 0
github.com/mrinalwahal/service/db/sqldb.go:99.25,103.3 1 0
github.com/mrinalwahal/service/db/sqldb.go:105.2,105.57 1 0
github.com/mrinalwahal/service/db/sqldb.go:105.57,107.3 1 0
github.com/mrinalwahal/service/db/sqldb.go:108.2,108.21 1 0
github.com/mrinalwahal/service/db/sqldb.go:112.80,114.20 2 0
github.com/mrinalwahal/service/db/sqldb.go:114.20,116.3 1 0
github.com/mrinalwahal/service/db/sqldb.go:119.2,120.12 2 0
github.com/mrinalwahal/service/db/sqldb.go:120.12,126.3 1 0
github.com/mrinalwahal/service/db/sqldb.go:128.2,131.25 4 0
github.com/mrinalwahal/service/db/sqldb.go:131.25,133.3 1 0
github.com/mrinalwahal/service/db/sqldb.go:134.2,134.22 1 0
github.com/mrinalwahal/service/db/sqldb.go:138.107,140.38 2 0
github.com/mrinalwahal/service/db/sqldb.go:140.38,142.3 1 0
github.com/mrinalwahal/service/db/sqldb.go:143.2,143.43 1 0
github.com/mrinalwahal/service/db/sqldb.go:143.43,145.3 1 0
github.com/mrinalwahal/service/db/sqldb.go:148.2,149.12 2 0
github.com/mrinalwahal/service/db/sqldb.go:149.12,155.3 1 0
github.com/mrinalwahal/service/db/sqldb.go:157.2,159.73 3 0
github.com/mrinalwahal/service/db/sqldb.go:159.73,161.3 1 0
github.com/mrinalwahal/service/db/sqldb.go:162.2,162.24 1 0
github.com/mrinalwahal/service/db/sqldb.go:166.66,168.20 2 0
github.com/mrinalwahal/service/db/sqldb.go:168.20,170.3 1 0
github.com/mrinalwahal/service/db/sqldb.go:173.2,174.12 2 0
github.com/mrinalwahal/service/db/sqldb.go:174.12,180.3 1 0
github.com/mrinalwahal/service/db/sqldb.go:182.2,185.21 4 0
